<?xml version="1.0" encoding="UTF-8"?>
<testsuite name="com.ohgiraffers.bootproject.BootProjectApplicationTests" tests="1" skipped="0" failures="0" errors="0" timestamp="2024-04-08T03:20:21" hostname="sindaeyeong-ui-MacBookPro.local" time="0.398">
  <properties/>
  <testcase name="contextLoads()" classname="com.ohgiraffers.bootproject.BootProjectApplicationTests" time="0.398"/>
  <system-out><![CDATA[12:20:20.419 [Test worker] INFO org.springframework.test.context.support.AnnotationConfigContextLoaderUtils -- Could not detect default configuration classes for test class [com.ohgiraffers.bootproject.BootProjectApplicationTests]: BootProjectApplicationTests does not declare any static, non-private, non-final, nested classes annotated with @Configuration.
12:20:20.463 [Test worker] INFO org.springframework.boot.test.context.SpringBootTestContextBootstrapper -- Found @SpringBootConfiguration com.ohgiraffers.bootproject.BootProjectApplication for test class com.ohgiraffers.bootproject.BootProjectApplicationTests

  .   ____          _            __ _ _
 /\\ / ___'_ __ _ _(_)_ __  __ _ \ \ \ \
( ( )\___ | '_ | '_| | '_ \/ _` | \ \ \ \
 \\/  ___)| |_)| | | | | || (_| |  ) ) ) )
  '  |____| .__|_| |_|_| |_\__, | / / / /
 =========|_|==============|___/=/_/_/_/
 :: Spring Boot ::                (v3.2.4)

2024-04-08T12:20:20.609+09:00  INFO 61727 --- [    Test worker] c.o.b.BootProjectApplicationTests        : Starting BootProjectApplicationTests using Java 17.0.9 with PID 61727 (started by shindaeyeong in /Users/shindaeyeong/Documents/MacBook Pro_Documents/14_devops/bootProject)
2024-04-08T12:20:20.609+09:00  INFO 61727 --- [    Test worker] c.o.b.BootProjectApplicationTests        : No active profile set, falling back to 1 default profile: "default"
2024-04-08T12:20:21.020+09:00  INFO 61727 --- [    Test worker] c.o.b.BootProjectApplicationTests        : Started BootProjectApplicationTests in 0.507 seconds (process running for 0.967)
]]></system-out>
  <system-err><![CDATA[]]></system-err>
</testsuite>
